<?xml version="1.0" encoding="UTF-8"?>
<testng-results skipped="0" failed="0" ignored="0" total="1" passed="1">
  <reporter-output>
  </reporter-output>
  <suite name="Default suite" duration-ms="28146" started-at="2019-03-10T17:15:21Z" finished-at="2019-03-10T17:15:49Z">
    <groups>
    </groups>
    <test name="Default test" duration-ms="28146" started-at="2019-03-10T17:15:21Z" finished-at="2019-03-10T17:15:49Z">
      <class name="test.EdmodoStudentLoginpagetest">
        <test-method status="PASS" signature="open()[pri:0, instance:test.EdmodoStudentLoginpagetest@29b5cd00]" name="open" is-config="true" duration-ms="14849" started-at="2019-03-10T17:15:21Z" finished-at="2019-03-10T17:15:36Z">
          <reporter-output>
          </reporter-output>
        </test-method> <!-- open -->
        <test-method status="PASS" signature="login()[pri:0, instance:test.EdmodoStudentLoginpagetest@29b5cd00]" name="login" duration-ms="13246" started-at="2019-03-10T17:15:36Z" finished-at="2019-03-10T17:15:49Z">
          <reporter-output>
          </reporter-output>
        </test-method> <!-- login -->
        <test-method status="PASS" signature="close()[pri:0, instance:test.EdmodoStudentLoginpagetest@29b5cd00]" name="close" is-config="true" duration-ms="15" started-at="2019-03-10T17:15:49Z" finished-at="2019-03-10T17:15:49Z">
          <reporter-output>
          </reporter-output>
        </test-method> <!-- close -->
      </class> <!-- test.EdmodoStudentLoginpagetest -->
    </test> <!-- Default test -->
  </suite> <!-- Default suite -->
</testng-results>
